<?xml version="1.0" encoding="utf-8"?><testsuites name="pytest tests"><testsuite name="pytest" errors="0" failures="0" skipped="0" tests="17" time="39.487" timestamp="2026-05-30T16:20:59.627986+00:00" hostname="agent-env-b42147b9-1412-45df-9ac0-af4df0f39540"><testcase classname="backend.tests.backend_test.TestHealth" name="test_root" time="0.720" /><testcase classname="backend.tests.backend_test.TestHealth" name="test_status" time="0.174" /><testcase classname="backend.tests.backend_test.TestIntelligence" name="test_catalog" time="0.055" /><testcase classname="backend.tests.backend_test.TestIntelligence" name="test_entity_binance" time="0.822" /><testcase classname="backend.tests.backend_test.TestIntelligence" name="test_entity_not_found_graceful" time="0.193" /><testcase classname="backend.tests.backend_test.TestIntelligence" name="test_address_vitalik" time="0.565" /><testcase classname="backend.tests.backend_test.TestIntelligence" name="test_search_entity" time="0.175" /><testcase classname="backend.tests.backend_test.TestIntelligence" name="test_search_address" time="0.171" /><testcase classname="backend.tests.backend_test.TestTransactions" name="test_transfers" time="0.336" /><testcase classname="backend.tests.backend_test.TestTransactions" name="test_swaps" time="0.296" /><testcase classname="backend.tests.backend_test.TestTransactions" name="test_large_whales" time="0.285" /><testcase classname="backend.tests.backend_test.TestTokens" name="test_trending" time="0.171" /><testcase classname="backend.tests.backend_test.TestTokens" name="test_holders" time="1.274" /><testcase classname="backend.tests.backend_test.TestTokens" name="test_flow_graceful" time="3.190" /><testcase classname="backend.tests.backend_test.TestContent" name="test_whale_transfer_alpha_thread" time="14.232" /><testcase classname="backend.tests.backend_test.TestContent" name="test_entity_profile_analyst_tweet" time="8.616" /><testcase classname="backend.tests.backend_test.TestContent" name="test_token_flow_degen_alert" time="8.111" /></testsuite></testsuites>