<?xml version="1.0" encoding="utf-8"?><testsuites name="pytest tests"><testsuite name="pytest" errors="0" failures="1" skipped="0" tests="18" time="23.419" timestamp="2026-05-30T15:40:30.759740+00:00" hostname="agent-env-b42147b9-1412-45df-9ac0-af4df0f39540"><testcase classname="backend.tests.backend_test.TestHealth" name="test_root" time="0.194" /><testcase classname="backend.tests.backend_test.TestHealth" name="test_status" time="0.176" /><testcase classname="backend.tests.backend_test.TestIntelligence" name="test_catalog" time="0.051" /><testcase classname="backend.tests.backend_test.TestIntelligence" name="test_entity_binance" time="0.243" /><testcase classname="backend.tests.backend_test.TestIntelligence" name="test_entity_balances" time="0.517" /><testcase classname="backend.tests.backend_test.TestIntelligence" name="test_entity_counterparties" time="0.230" /><testcase classname="backend.tests.backend_test.TestIntelligence" name="test_address_vitalik" time="0.198" /><testcase classname="backend.tests.backend_test.TestIntelligence" name="test_address_balances" time="5.499" /><testcase classname="backend.tests.backend_test.TestIntelligence" name="test_search_entity" time="0.251" /><testcase classname="backend.tests.backend_test.TestIntelligence" name="test_search_address" time="0.182" /><testcase classname="backend.tests.backend_test.TestTransactions" name="test_transfers" time="0.364" /><testcase classname="backend.tests.backend_test.TestTransactions" name="test_swaps" time="0.529" /><testcase classname="backend.tests.backend_test.TestTokens" name="test_trending" time="0.185" /><testcase classname="backend.tests.backend_test.TestTokens" name="test_holders" time="0.883" /><testcase classname="backend.tests.backend_test.TestTokens" name="test_flow_graceful" time="1.682" /><testcase classname="backend.tests.backend_test.TestContent" name="test_analysis" time="0.767"><failure message="assert 502 == 200&#10; +  where 502 = &lt;Response [502]&gt;.status_code">backend/tests/backend_test.py:188: in test_analysis
    assert r.status_code == 200
E   assert 502 == 200
E    +  where 502 = &lt;Response [502]&gt;.status_code</failure></testcase><testcase classname="backend.tests.backend_test.TestContent" name="test_social" time="4.619" /><testcase classname="backend.tests.backend_test.TestContent" name="test_alert" time="6.672" /></testsuite></testsuites>